{"C:\\Users\\Affus\\module2\\To-Do-List\\src\\task.js": {"path":"C:\\Users\\Affus\\module2\\To-Do-List\\src\\task.js","statementMap":{"0":{"start":{"line":3,"column":4},"end":{"line":3,"column":35}},"1":{"start":{"line":4,"column":4},"end":{"line":4,"column":31}},"2":{"start":{"line":5,"column":4},"end":{"line":5,"column":23}}},"fnMap":{"0":{"name":"(anonymous_0)","decl":{"start":{"line":2,"column":2},"end":{"line":2,"column":3}},"loc":{"start":{"line":2,"column":53},"end":{"line":6,"column":3}},"line":2}},"branchMap":{"0":{"loc":{"start":{"line":2,"column":27},"end":{"line":2,"column":44}},"type":"default-arg","locations":[{"start":{"line":2,"column":39},"end":{"line":2,"column":44}}],"line":2}},"s":{"0":8,"1":8,"2":8},"f":{"0":8},"b":{"0":[0]},"_coverageSchema":"1a1c01bbd47fc00a2c39e90264f33305004495a9","hash":"546b5308469df9d2d2e0cb274e6f188f924a910f"}
,"C:\\Users\\Affus\\module2\\To-Do-List\\src\\taskList.js": {"path":"C:\\Users\\Affus\\module2\\To-Do-List\\src\\taskList.js","statementMap":{"0":{"start":{"line":6,"column":4},"end":{"line":6,"column":47}},"1":{"start":{"line":10,"column":17},"end":{"line":10,"column":68}},"2":{"start":{"line":11,"column":4},"end":{"line":11,"column":26}},"3":{"start":{"line":12,"column":4},"end":{"line":12,"column":21}},"4":{"start":{"line":16,"column":4},"end":{"line":16,"column":32}},"5":{"start":{"line":17,"column":4},"end":{"line":17,"column":29}},"6":{"start":{"line":18,"column":4},"end":{"line":18,"column":21}},"7":{"start":{"line":22,"column":17},"end":{"line":22,"column":34}},"8":{"start":{"line":23,"column":4},"end":{"line":23,"column":35}},"9":{"start":{"line":24,"column":4},"end":{"line":24,"column":31}},"10":{"start":{"line":25,"column":4},"end":{"line":25,"column":21}},"11":{"start":{"line":29,"column":4},"end":{"line":31,"column":5}},"12":{"start":{"line":29,"column":17},"end":{"line":29,"column":18}},"13":{"start":{"line":30,"column":6},"end":{"line":30,"column":34}},"14":{"start":{"line":35,"column":4},"end":{"line":35,"column":39}},"15":{"start":{"line":39,"column":4},"end":{"line":39,"column":62}},"16":{"start":{"line":39,"column":45},"end":{"line":39,"column":60}},"17":{"start":{"line":40,"column":4},"end":{"line":40,"column":29}},"18":{"start":{"line":41,"column":4},"end":{"line":41,"column":21}},"19":{"start":{"line":45,"column":4},"end":{"line":45,"column":35}},"20":{"start":{"line":47,"column":4},"end":{"line":80,"column":5}},"21":{"start":{"line":47,"column":17},"end":{"line":47,"column":18}},"22":{"start":{"line":48,"column":19},"end":{"line":48,"column":32}},"23":{"start":{"line":50,"column":23},"end":{"line":50,"column":51}},"24":{"start":{"line":52,"column":23},"end":{"line":52,"column":54}},"25":{"start":{"line":53,"column":6},"end":{"line":53,"column":33}},"26":{"start":{"line":54,"column":6},"end":{"line":54,"column":35}},"27":{"start":{"line":55,"column":6},"end":{"line":55,"column":40}},"28":{"start":{"line":56,"column":6},"end":{"line":58,"column":9}},"29":{"start":{"line":57,"column":8},"end":{"line":57,"column":63}},"30":{"start":{"line":60,"column":31},"end":{"line":60,"column":62}},"31":{"start":{"line":61,"column":6},"end":{"line":61,"column":37}},"32":{"start":{"line":62,"column":6},"end":{"line":62,"column":41}},"33":{"start":{"line":63,"column":6},"end":{"line":63,"column":48}},"34":{"start":{"line":64,"column":6},"end":{"line":66,"column":9}},"35":{"start":{"line":65,"column":8},"end":{"line":65,"column":67}},"36":{"start":{"line":68,"column":27},"end":{"line":68,"column":59}},"37":{"start":{"line":69,"column":6},"end":{"line":69,"column":61}},"38":{"start":{"line":70,"column":6},"end":{"line":73,"column":9}},"39":{"start":{"line":71,"column":8},"end":{"line":71,"column":27}},"40":{"start":{"line":72,"column":8},"end":{"line":72,"column":42}},"41":{"start":{"line":75,"column":6},"end":{"line":75,"column":37}},"42":{"start":{"line":76,"column":6},"end":{"line":76,"column":45}},"43":{"start":{"line":77,"column":6},"end":{"line":77,"column":41}},"44":{"start":{"line":79,"column":6},"end":{"line":79,"column":44}},"45":{"start":{"line":81,"column":24},"end":{"line":81,"column":60}},"46":{"start":{"line":82,"column":4},"end":{"line":85,"column":7}},"47":{"start":{"line":83,"column":6},"end":{"line":83,"column":33}},"48":{"start":{"line":84,"column":6},"end":{"line":84,"column":40}}},"fnMap":{"0":{"name":"(anonymous_0)","decl":{"start":{"line":5,"column":2},"end":{"line":5,"column":3}},"loc":{"start":{"line":5,"column":16},"end":{"line":7,"column":3}},"line":5},"1":{"name":"(anonymous_1)","decl":{"start":{"line":9,"column":2},"end":{"line":9,"column":3}},"loc":{"start":{"line":9,"column":23},"end":{"line":13,"column":3}},"line":9},"2":{"name":"(anonymous_2)","decl":{"start":{"line":15,"column":2},"end":{"line":15,"column":3}},"loc":{"start":{"line":15,"column":20},"end":{"line":19,"column":3}},"line":15},"3":{"name":"(anonymous_3)","decl":{"start":{"line":21,"column":2},"end":{"line":21,"column":3}},"loc":{"start":{"line":21,"column":44},"end":{"line":26,"column":3}},"line":21},"4":{"name":"(anonymous_4)","decl":{"start":{"line":28,"column":2},"end":{"line":28,"column":3}},"loc":{"start":{"line":28,"column":22},"end":{"line":32,"column":3}},"line":28},"5":{"name":"(anonymous_5)","decl":{"start":{"line":34,"column":2},"end":{"line":34,"column":3}},"loc":{"start":{"line":34,"column":14},"end":{"line":36,"column":3}},"line":34},"6":{"name":"(anonymous_6)","decl":{"start":{"line":38,"column":2},"end":{"line":38,"column":3}},"loc":{"start":{"line":38,"column":24},"end":{"line":42,"column":3}},"line":38},"7":{"name":"(anonymous_7)","decl":{"start":{"line":39,"column":35},"end":{"line":39,"column":36}},"loc":{"start":{"line":39,"column":45},"end":{"line":39,"column":60}},"line":39},"8":{"name":"(anonymous_8)","decl":{"start":{"line":44,"column":2},"end":{"line":44,"column":3}},"loc":{"start":{"line":44,"column":31},"end":{"line":86,"column":3}},"line":44},"9":{"name":"(anonymous_9)","decl":{"start":{"line":56,"column":42},"end":{"line":56,"column":43}},"loc":{"start":{"line":56,"column":48},"end":{"line":58,"column":7}},"line":56},"10":{"name":"(anonymous_10)","decl":{"start":{"line":64,"column":50},"end":{"line":64,"column":51}},"loc":{"start":{"line":64,"column":56},"end":{"line":66,"column":7}},"line":64},"11":{"name":"(anonymous_11)","decl":{"start":{"line":70,"column":45},"end":{"line":70,"column":46}},"loc":{"start":{"line":70,"column":51},"end":{"line":73,"column":7}},"line":70},"12":{"name":"(anonymous_12)","decl":{"start":{"line":82,"column":42},"end":{"line":82,"column":43}},"loc":{"start":{"line":82,"column":48},"end":{"line":85,"column":5}},"line":82}},"branchMap":{"0":{"loc":{"start":{"line":6,"column":17},"end":{"line":6,"column":46}},"type":"binary-expr","locations":[{"start":{"line":6,"column":17},"end":{"line":6,"column":40}},{"start":{"line":6,"column":44},"end":{"line":6,"column":46}}],"line":6}},"s":{"0":5,"1":3,"2":3,"3":3,"4":1,"5":1,"6":1,"7":2,"8":2,"9":2,"10":2,"11":1,"12":1,"13":0,"14":6,"15":0,"16":0,"17":0,"18":0,"19":0,"20":0,"21":0,"22":0,"23":0,"24":0,"25":0,"26":0,"27":0,"28":0,"29":0,"30":0,"31":0,"32":0,"33":0,"34":0,"35":0,"36":0,"37":0,"38":0,"39":0,"40":0,"41":0,"42":0,"43":0,"44":0,"45":0,"46":0,"47":0,"48":0},"f":{"0":5,"1":3,"2":1,"3":2,"4":1,"5":6,"6":0,"7":0,"8":0,"9":0,"10":0,"11":0,"12":0},"b":{"0":[5,3]},"_coverageSchema":"1a1c01bbd47fc00a2c39e90264f33305004495a9","hash":"c1d6aac32a5b2e86698073bfc5f07f2feba70e31"}
}
