TN:
SF:src\task.js
FN:2,(anonymous_0)
FNF:1
FNH:1
FNDA:20,(anonymous_0)
DA:3,20
DA:4,20
DA:5,20
LF:3
LH:3
BRDA:2,0,0,0
BRF:1
BRH:0
end_of_record
TN:
SF:src\taskList.js
FN:5,(anonymous_0)
FN:9,(anonymous_1)
FN:15,(anonymous_2)
FN:21,(anonymous_3)
FN:28,(anonymous_4)
FN:34,(anonymous_5)
FN:38,(anonymous_6)
FN:39,(anonymous_7)
FN:44,(anonymous_8)
FN:56,(anonymous_9)
FN:64,(anonymous_10)
FN:70,(anonymous_11)
FN:82,(anonymous_12)
FNF:13
FNH:8
FNDA:9,(anonymous_0)
FNDA:3,(anonymous_1)
FNDA:1,(anonymous_2)
FNDA:4,(anonymous_3)
FNDA:3,(anonymous_4)
FNDA:10,(anonymous_5)
FNDA:2,(anonymous_6)
FNDA:6,(anonymous_7)
FNDA:0,(anonymous_8)
FNDA:0,(anonymous_9)
FNDA:0,(anonymous_10)
FNDA:0,(anonymous_11)
FNDA:0,(anonymous_12)
DA:6,9
DA:10,3
DA:11,3
DA:12,3
DA:16,1
DA:17,1
DA:18,1
DA:22,4
DA:23,4
DA:24,4
DA:25,4
DA:29,3
DA:30,4
DA:35,10
DA:39,6
DA:40,2
DA:41,2
DA:45,0
DA:47,0
DA:48,0
DA:50,0
DA:52,0
DA:53,0
DA:54,0
DA:55,0
DA:56,0
DA:57,0
DA:60,0
DA:61,0
DA:62,0
DA:63,0
DA:64,0
DA:65,0
DA:68,0
DA:69,0
DA:70,0
DA:71,0
DA:72,0
DA:75,0
DA:76,0
DA:77,0
DA:79,0
DA:81,0
DA:82,0
DA:83,0
DA:84,0
LF:46
LH:17
BRDA:6,0,0,9
BRDA:6,0,1,7
BRF:2
BRH:2
end_of_record
